{"name":"b","hostname":"cat3.local","pid":40161,"level":40,"lang":"fr","meta": "try", "msg":"xxx","time":"2013-01-04T18:46:23.853Z","v":0}
{"name":"b","hostname":"cat3.local","pid":40161,"level":40,"lang":"fr","meta": "try", "msg":"xxx","time":"2013-01-04T18:46:23.853Z","v":0}
{"name":"b","hostname":"cat3.local","pid":40161,"level":40,"lang":"fr","meta": "try", "msg":"xxx","time":"2013-01-04T18:46:23.853Z","v":0}
{"name":"b","hostname":"cat3.local","pid":40161,"level":40,"lang":"fr","meta": "try", "msg":"xxx","time":"2013-01-04T18:46:23.853Z","v":0}
{"name":"b","hostname":"cat3.local","pid":40161,"level":40,"lang":"fr","meta": "try", "msg":"xxx","time":"2013-01-04T18:46:23.853Z","v":0}
{"name":"b","hostname":"cat3.local","pid":40161,"level":40,"lang":"fr","meta": "try", "msg":"xxx","time":"2013-01-04T18:46:23.853Z","v":0}
{"name":"b","hostname":"cat3.local","pid":40161,"level":40,"lang":"fr","meta": "try", "msg":"xxx","time":"2013-01-04T18:46:23.853Z","v":0}
{"name":"b","hostname":"cat3.local","pid":40161,"level":40,"lang":"fr","meta": "try", "msg":"xxx","time":"2013-01-04T18:46:23.853Z","v":0}
{"name":"b","hostname":"cat3.local","pid":40161,"level":40,"lang":"fr","meta": "try", "msg":"xxx","time":"2013-01-04T18:46:23.853Z","v":0}
{"name":"b","hostname":"cat3.local","pid":40161,"level":40,"lang":"fr","meta": "try", "msg":"xxx","time":"2013-01-04T18:46:23.853Z","v":0}
{"name":"b","hostname":"cat3.local","pid":40161,"level":40,"lang":"fr","meta": "try", "msg":"xxx","time":"2013-01-04T18:46:23.853Z","v":0}
{"name":"b","hostname":"cat3.local","pid":40161,"level":40,"lang":"fr","meta": "try", "msg":"xxx","time":"2013-01-04T18:46:23.853Z","v":0}
{"name":"b","hostname":"cat3.local","pid":40161,"level":40,"lang":"fr","meta": "try", "msg":"xxx","time":"2013-01-04T18:46:23.853Z","v":0}
{"name":"b","hostname":"cat3.local","pid":40161,"level":40,"lang":"fr","meta": "try", "msg":"xxx","time":"2013-01-04T18:46:23.853Z","v":0}
{"name":"b","hostname":"cat3.local","pid":40161,"level":40,"lang":"fr","meta": "try", "msg":"xxx","time":"2013-01-04T18:46:23.853Z","v":0}
{"name":"b","hostname":"cat3.local","pid":40161,"level":40,"lang":"fr","meta": "try", "msg":"xxx","time":"2013-01-04T18:46:23.853Z","v":0}
{"name":"b","hostname":"cat3.local","pid":40161,"level":40,"lang":"fr","meta": "try", "msg":"xxx","time":"2013-01-04T18:46:23.853Z","v":0}
{"name":"b","hostname":"cat3.local","pid":40161,"level":40,"lang":"fr","meta": "try", "msg":"xxx","time":"2013-01-04T18:46:23.853Z","v":0}
{"name":"b","hostname":"cat3.local","pid":40161,"level":40,"lang":"fr","meta": "try", "msg":"xxx","time":"2013-01-04T18:46:23.853Z","v":0}
{"name":"b","hostname":"cat3.local","pid":40161,"level":40,"lang":"fr","meta": "try", "msg":"xxx","time":"2013-01-04T18:46:23.853Z","v":0}
{"name":"b","hostname":"cat3.local","pid":40161,"level":40,"lang":"fr","meta": "try", "msg":"xxx","time":"2013-01-04T18:46:23.853Z","v":0}
{"name":"b","hostname":"cat3.local","pid":40161,"level":40,"lang":"fr","meta": "try", "msg":"xxx","time":"2013-01-04T18:46:23.853Z","v":0}
{"name":"b","hostname":"cat3.local","pid":40161,"level":40,"lang":"fr","meta": "try", "msg":"xxx","time":"2013-01-04T18:46:23.853Z","v":0}
{"name":"b","hostname":"cat3.local","pid":40161,"level":40,"lang":"fr","meta": "try", "msg":"xxx","time":"2013-01-04T18:46:23.853Z","v":0}
{"name":"b","hostname":"cat3.local","pid":40161,"level":40,"lang":"fr","meta": "try", "msg":"xxx","time":"2013-01-04T18:46:23.853Z","v":0}
{"name":"b","hostname":"cat3.local","pid":40161,"level":40,"lang":"fr","meta": "try", "msg":"xxx","time":"2013-01-04T18:46:23.853Z","v":0}
{"name":"b","hostname":"cat3.local","pid":40161,"level":40,"lang":"fr","meta": "try", "msg":"xxx","time":"2013-01-04T18:46:23.853Z","v":0}
{"name":"b","hostname":"cat3.local","pid":40161,"level":40,"lang":"fr","meta": "try", "msg":"xxx","time":"2013-01-04T18:46:23.853Z","v":0}
{"name":"b","hostname":"cat3.local","pid":40161,"level":40,"lang":"fr","meta": "try", "msg":"xxx","time":"2013-01-04T18:46:23.853Z","v":0}
{"name":"b","hostname":"cat3.local","pid":40161,"level":40,"lang":"fr","meta": "try", "msg":"xxx","time":"2013-01-04T18:46:23.853Z","v":0}
{"name":"b","hostname":"cat3.local","pid":40161,"level":40,"lang":"fr","meta": "try", "msg":"xxx","time":"2013-01-04T18:46:23.853Z","v":0}
{"name":"b","hostname":"cat3.local","pid":40161,"level":40,"lang":"fr","meta": "try", "msg":"xxx","time":"2013-01-04T18:46:23.853Z","v":0}
{"name":"b","hostname":"cat3.local","pid":40161,"level":40,"lang":"fr","meta": "try", "msg":"xxx","time":"2013-01-04T18:46:23.853Z","v":0}
{"name":"b","hostname":"cat3.local","pid":40161,"level":40,"lang":"fr","meta": "try", "msg":"xxx","time":"2013-01-04T18:46:23.853Z","v":0}
{"name":"b","hostname":"cat3.local","pid":40161,"level":40,"lang":"fr","meta": "try", "msg":"xxx","time":"2013-01-04T18:46:23.853Z","v":0}
{"name":"b","hostname":"cat3.local","pid":40161,"level":40,"lang":"fr","meta": "try", "msg":"xxx","time":"2013-01-04T18:46:23.853Z","v":0}
{"name":"b","hostname":"cat3.local","pid":40161,"level":40,"lang":"fr","meta": "try", "msg":"xxx","time":"2013-01-04T18:46:23.853Z","v":0}
{"name":"b","hostname":"cat3.local","pid":40161,"level":40,"lang":"fr","meta": "try", "msg":"xxx","time":"2013-01-04T18:46:23.853Z","v":0}
{"name":"b","hostname":"cat3.local","pid":40161,"level":40,"lang":"fr","meta": "try", "msg":"xxx","time":"2013-01-04T18:46:23.853Z","v":0}
{"name":"b","hostname":"cat3.local","pid":40161,"level":40,"lang":"fr","meta": "try", "msg":"xxx","time":"2013-01-04T18:46:23.853Z","v":0}
{"name":"b","hostname":"cat3.local","pid":40161,"level":40,"lang":"fr","meta": "try", "msg":"xxx","time":"2013-01-04T18:46:23.853Z","v":0}
{"name":"b","hostname":"cat3.local","pid":40161,"level":40,"lang":"fr","meta": "try", "msg":"xxx","time":"2013-01-04T18:46:23.853Z","v":0}
{"name":"b","hostname":"cat3.local","pid":40161,"level":40,"lang":"fr","meta": "try", "msg":"xxx","time":"2013-01-04T18:46:23.853Z","v":0}
{"name":"b","hostname":"cat3.local","pid":40161,"level":40,"lang":"fr","meta": "try", "msg":"xxx","time":"2013-01-04T18:46:23.853Z","v":0}
{"name":"b","hostname":"cat3.local","pid":40161,"level":40,"lang":"fr","meta": "try", "msg":"xxx","time":"2013-01-04T18:46:23.853Z","v":0}
{"name":"b","hostname":"cat3.local","pid":40161,"level":40,"lang":"fr","meta": "try", "msg":"xxx","time":"2013-01-04T18:46:23.853Z","v":0}
{"name":"b","hostname":"cat3.local","pid":40161,"level":40,"lang":"fr","meta": "try", "msg":"xxx","time":"2013-01-04T18:46:23.853Z","v":0}
{"name":"b","hostname":"cat3.local","pid":40161,"level":40,"lang":"fr","meta": "try", "msg":"xxx","time":"2013-01-04T18:46:23.853Z","v":0}
{"name":"b","hostname":"cat3.local","pid":40161,"level":40,"lang":"fr","meta": "try", "msg":"xxx","time":"2013-01-04T18:46:23.853Z","v":0}
{"name":"b","hostname":"cat3.local","pid":40161,"level":40,"lang":"fr","meta": "try", "msg":"xxx","time":"2013-01-04T18:46:23.853Z","v":0}
{"name":"c","hostname":"cat3.local","pid":40161,"level":40,"lang":"fr","meta": "try", "msg":"xxx","time":"2013-01-04T18:46:23.853Z","v":0}
{"name":"c","hostname":"cat3.local","pid":40161,"level":40,"lang":"fr","meta": "try", "msg":"xxx","time":"2013-01-04T18:46:23.853Z","v":0}
{"name":"c","hostname":"cat3.local","pid":40161,"level":40,"lang":"fr","meta": "try", "msg":"xxx","time":"2013-01-04T18:46:23.853Z","v":0}
{"name":"c","hostname":"cat3.local","pid":40161,"level":40,"lang":"fr","meta": "try", "msg":"xxx","time":"2013-01-04T18:46:23.853Z","v":0}
{"name":"c","hostname":"cat3.local","pid":40161,"level":40,"lang":"fr","meta": "try", "msg":"xxx","time":"2013-01-04T18:46:23.853Z","v":0}
{"name":"c","hostname":"cat3.local","pid":40161,"level":40,"lang":"fr","meta": "try", "msg":"xxx","time":"2013-01-04T18:46:23.853Z","v":0}
{"name":"c","hostname":"cat3.local","pid":40161,"level":40,"lang":"fr","meta": "try", "msg":"xxx","time":"2013-01-04T18:46:23.853Z","v":0}
{"name":"c","hostname":"cat3.local","pid":40161,"level":40,"lang":"fr","meta": "try", "msg":"xxx","time":"2013-01-04T18:46:23.853Z","v":0}
{"name":"c","hostname":"cat3.local","pid":40161,"level":40,"lang":"fr","meta": "try", "msg":"xxx","time":"2013-01-04T18:46:23.853Z","v":0}
{"name":"c","hostname":"cat3.local","pid":40161,"level":40,"lang":"fr","meta": "try", "msg":"xxx","time":"2013-01-04T18:46:23.853Z","v":0}
{"name":"c","hostname":"cat3.local","pid":40161,"level":40,"lang":"fr","meta": "try", "msg":"xxx","time":"2013-01-04T18:46:23.853Z","v":0}
{"name":"c","hostname":"cat3.local","pid":40161,"level":40,"lang":"fr","meta": "try", "msg":"xxx","time":"2013-01-04T18:46:23.853Z","v":0}
{"name":"c","hostname":"cat3.local","pid":40161,"level":40,"lang":"fr","meta": "try", "msg":"xxx","time":"2013-01-04T18:46:23.853Z","v":0}
{"name":"c","hostname":"cat3.local","pid":40161,"level":40,"lang":"fr","meta": "try", "msg":"xxx","time":"2013-01-04T18:46:23.853Z","v":0}
{"name":"c","hostname":"cat3.local","pid":40161,"level":40,"lang":"fr","meta": "try", "msg":"xxx","time":"2013-01-04T18:46:23.853Z","v":0}
{"name":"c","hostname":"cat3.local","pid":40161,"level":40,"lang":"fr","meta": "try", "msg":"xxx","time":"2013-01-04T18:46:23.853Z","v":0}
{"name":"c","hostname":"cat3.local","pid":40161,"level":40,"lang":"fr","meta": "try", "msg":"xxx","time":"2013-01-04T18:46:23.853Z","v":0}
{"name":"c","hostname":"cat3.local","pid":40161,"level":40,"lang":"fr","meta": "try", "msg":"xxx","time":"2013-01-04T18:46:23.853Z","v":0}
{"name":"c","hostname":"cat3.local","pid":40161,"level":40,"lang":"fr","meta": "try", "msg":"xxx","time":"2013-01-04T18:46:23.853Z","v":0}
{"name":"c","hostname":"cat3.local","pid":40161,"level":40,"lang":"fr","meta": "try", "msg":"xxx","time":"2013-01-04T18:46:23.853Z","v":0}
{"name":"c","hostname":"cat3.local","pid":40161,"level":40,"lang":"fr","meta": "try", "msg":"xxx","time":"2013-01-04T18:46:23.853Z","v":0}
{"name":"c","hostname":"cat3.local","pid":40161,"level":40,"lang":"fr","meta": "try", "msg":"xxx","time":"2013-01-04T18:46:23.853Z","v":0}
{"name":"c","hostname":"cat3.local","pid":40161,"level":40,"lang":"fr","meta": "try", "msg":"xxx","time":"2013-01-04T18:46:23.853Z","v":0}
{"name":"c","hostname":"cat3.local","pid":40161,"level":40,"lang":"fr","meta": "try", "msg":"xxx","time":"2013-01-04T18:46:23.853Z","v":0}
{"name":"c","hostname":"cat3.local","pid":40161,"level":40,"lang":"fr","meta": "try", "msg":"xxx","time":"2013-01-04T18:46:23.853Z","v":0}
{"name":"c","hostname":"cat3.local","pid":40161,"level":40,"lang":"fr","meta": "try", "msg":"xxx","time":"2013-01-04T18:46:23.853Z","v":0}
{"name":"c","hostname":"cat3.local","pid":40161,"level":40,"lang":"fr","meta": "try", "msg":"xxx","time":"2013-01-04T18:46:23.853Z","v":0}
{"name":"c","hostname":"cat3.local","pid":40161,"level":40,"lang":"fr","meta": "try", "msg":"xxx","time":"2013-01-04T18:46:23.853Z","v":0}
{"name":"c","hostname":"cat3.local","pid":40161,"level":40,"lang":"fr","meta": "try", "msg":"xxx","time":"2013-01-04T18:46:23.853Z","v":0}
{"name":"c","hostname":"cat3.local","pid":40161,"level":40,"lang":"fr","meta": "try", "msg":"xxx","time":"2013-01-04T18:46:23.853Z","v":0}
{"name":"c","hostname":"cat3.local","pid":40161,"level":40,"lang":"fr","meta": "try", "msg":"xxx","time":"2013-01-04T18:46:23.853Z","v":0}
{"name":"c","hostname":"cat3.local","pid":40161,"level":40,"lang":"fr","meta": "try", "msg":"xxx","time":"2013-01-04T18:46:23.853Z","v":0}
{"name":"c","hostname":"cat3.local","pid":40161,"level":40,"lang":"fr","meta": "try", "msg":"xxx","time":"2013-01-04T18:46:23.853Z","v":0}
{"name":"c","hostname":"cat3.local","pid":40161,"level":40,"lang":"fr","meta": "try", "msg":"xxx","time":"2013-01-04T18:46:23.853Z","v":0}
{"name":"c","hostname":"cat3.local","pid":40161,"level":40,"lang":"fr","meta": "try", "msg":"xxx","time":"2013-01-04T18:46:23.853Z","v":0}
{"name":"c","hostname":"cat3.local","pid":40161,"level":40,"lang":"fr","meta": "try", "msg":"xxx","time":"2013-01-04T18:46:23.853Z","v":0}
{"name":"c","hostname":"cat3.local","pid":40161,"level":40,"lang":"fr","meta": "try", "msg":"xxx","time":"2013-01-04T18:46:23.853Z","v":0}
{"name":"c","hostname":"cat3.local","pid":40161,"level":40,"lang":"fr","meta": "try", "msg":"xxx","time":"2013-01-04T18:46:23.853Z","v":0}
{"name":"c","hostname":"cat3.local","pid":40161,"level":40,"lang":"fr","meta": "try", "msg":"xxx","time":"2013-01-04T18:46:23.853Z","v":0}
{"name":"c","hostname":"cat3.local","pid":40161,"level":40,"lang":"fr","meta": "try", "msg":"xxx","time":"2013-01-04T18:46:23.853Z","v":0}
{"name":"c","hostname":"cat3.local","pid":40161,"level":40,"lang":"fr","meta": "try", "msg":"xxx","time":"2013-01-04T18:46:23.853Z","v":0}
{"name":"c","hostname":"cat3.local","pid":40161,"level":40,"lang":"fr","meta": "try", "msg":"xxx","time":"2013-01-04T18:46:23.853Z","v":0}
{"name":"c","hostname":"cat3.local","pid":40161,"level":40,"lang":"fr","meta": "try", "msg":"xxx","time":"2013-01-04T18:46:23.853Z","v":0}
{"name":"c","hostname":"cat3.local","pid":40161,"level":40,"lang":"fr","meta": "try", "msg":"xxx","time":"2013-01-04T18:46:23.853Z","v":0}
{"name":"c","hostname":"cat3.local","pid":40161,"level":40,"lang":"fr","meta": "try", "msg":"xxx","time":"2013-01-04T18:46:23.853Z","v":0}
{"name":"c","hostname":"cat3.local","pid":40161,"level":40,"lang":"fr","meta": "try", "msg":"xxx","time":"2013-01-04T18:46:23.853Z","v":0}
{"name":"c","hostname":"cat3.local","pid":40161,"level":40,"lang":"fr","meta": "try", "msg":"xxx","time":"2013-01-04T18:46:23.853Z","v":0}
{"name":"c","hostname":"cat3.local","pid":40161,"level":40,"lang":"fr","meta": "try", "msg":"xxx","time":"2013-01-04T18:46:23.853Z","v":0}
{"name":"c","hostname":"cat3.local","pid":40161,"level":40,"lang":"fr","meta": "try", "msg":"xxx","time":"2013-01-04T18:46:23.853Z","v":0}
{"name":"c","hostname":"cat3.local","pid":40161,"level":40,"lang":"fr","meta": "try", "msg":"xxx","time":"2013-01-04T18:46:23.853Z","v":0}
{"name":"d","hostname":"cat3.local","pid":40161,"level":40,"lang":"fr","meta": "try", "msg":"xxx","time":"2013-01-04T18:46:23.853Z","v":0}
{"name":"d","hostname":"cat3.local","pid":40161,"level":40,"lang":"fr","meta": "try", "msg":"xxx","time":"2013-01-04T18:46:23.853Z","v":0}
{"name":"d","hostname":"cat3.local","pid":40161,"level":40,"lang":"fr","meta": "try", "msg":"xxx","time":"2013-01-04T18:46:23.853Z","v":0}
{"name":"d","hostname":"cat3.local","pid":40161,"level":40,"lang":"fr","meta": "try", "msg":"xxx","time":"2013-01-04T18:46:23.853Z","v":0}
{"name":"d","hostname":"cat3.local","pid":40161,"level":40,"lang":"fr","meta": "try", "msg":"xxx","time":"2013-01-04T18:46:23.853Z","v":0}
{"name":"d","hostname":"cat3.local","pid":40161,"level":40,"lang":"fr","meta": "try", "msg":"xxx","time":"2013-01-04T18:46:23.853Z","v":0}
{"name":"d","hostname":"cat3.local","pid":40161,"level":40,"lang":"fr","meta": "try", "msg":"xxx","time":"2013-01-04T18:46:23.853Z","v":0}
{"name":"d","hostname":"cat3.local","pid":40161,"level":40,"lang":"fr","meta": "try", "msg":"xxx","time":"2013-01-04T18:46:23.853Z","v":0}
{"name":"d","hostname":"cat3.local","pid":40161,"level":40,"lang":"fr","meta": "try", "msg":"xxx","time":"2013-01-04T18:46:23.853Z","v":0}
{"name":"d","hostname":"cat3.local","pid":40161,"level":40,"lang":"fr","meta": "try", "msg":"xxx","time":"2013-01-04T18:46:23.853Z","v":0}
{"name":"d","hostname":"cat3.local","pid":40161,"level":40,"lang":"fr","meta": "try", "msg":"xxx","time":"2013-01-04T18:46:23.853Z","v":0}
{"name":"d","hostname":"cat3.local","pid":40161,"level":40,"lang":"fr","meta": "try", "msg":"xxx","time":"2013-01-04T18:46:23.853Z","v":0}
{"name":"d","hostname":"cat3.local","pid":40161,"level":40,"lang":"fr","meta": "try", "msg":"xxx","time":"2013-01-04T18:46:23.853Z","v":0}
{"name":"d","hostname":"cat3.local","pid":40161,"level":40,"lang":"fr","meta": "try", "msg":"xxx","time":"2013-01-04T18:46:23.853Z","v":0}
{"name":"d","hostname":"cat3.local","pid":40161,"level":40,"lang":"fr","meta": "try", "msg":"xxx","time":"2013-01-04T18:46:23.853Z","v":0}
{"name":"d","hostname":"cat3.local","pid":40161,"level":40,"lang":"fr","meta": "try", "msg":"xxx","time":"2013-01-04T18:46:23.853Z","v":0}
{"name":"d","hostname":"cat3.local","pid":40161,"level":40,"lang":"fr","meta": "try", "msg":"xxx","time":"2013-01-04T18:46:23.853Z","v":0}
{"name":"d","hostname":"cat3.local","pid":40161,"level":40,"lang":"fr","meta": "try", "msg":"xxx","time":"2013-01-04T18:46:23.853Z","v":0}
{"name":"d","hostname":"cat3.local","pid":40161,"level":40,"lang":"fr","meta": "try", "msg":"xxx","time":"2013-01-04T18:46:23.853Z","v":0}
{"name":"d","hostname":"cat3.local","pid":40161,"level":40,"lang":"fr","meta": "try", "msg":"xxx","time":"2013-01-04T18:46:23.853Z","v":0}
{"name":"d","hostname":"cat3.local","pid":40161,"level":40,"lang":"fr","meta": "try", "msg":"xxx","time":"2013-01-04T18:46:23.853Z","v":0}
{"name":"d","hostname":"cat3.local","pid":40161,"level":40,"lang":"fr","meta": "try", "msg":"xxx","time":"2013-01-04T18:46:23.853Z","v":0}
{"name":"d","hostname":"cat3.local","pid":40161,"level":40,"lang":"fr","meta": "try", "msg":"xxx","time":"2013-01-04T18:46:23.853Z","v":0}
{"name":"d","hostname":"cat3.local","pid":40161,"level":40,"lang":"fr","meta": "try", "msg":"xxx","time":"2013-01-04T18:46:23.853Z","v":0}
{"name":"d","hostname":"cat3.local","pid":40161,"level":40,"lang":"fr","meta": "try", "msg":"xxx","time":"2013-01-04T18:46:23.853Z","v":0}
{"name":"d","hostname":"cat3.local","pid":40161,"level":40,"lang":"fr","meta": "try", "msg":"xxx","time":"2013-01-04T18:46:23.853Z","v":0}
{"name":"d","hostname":"cat3.local","pid":40161,"level":40,"lang":"fr","meta": "try", "msg":"xxx","time":"2013-01-04T18:46:23.853Z","v":0}
{"name":"d","hostname":"cat3.local","pid":40161,"level":40,"lang":"fr","meta": "try", "msg":"xxx","time":"2013-01-04T18:46:23.853Z","v":0}
{"name":"d","hostname":"cat3.local","pid":40161,"level":40,"lang":"fr","meta": "try", "msg":"xxx","time":"2013-01-04T18:46:23.853Z","v":0}
{"name":"d","hostname":"cat3.local","pid":40161,"level":40,"lang":"fr","meta": "try", "msg":"xxx","time":"2013-01-04T18:46:23.853Z","v":0}
{"name":"d","hostname":"cat3.local","pid":40161,"level":40,"lang":"fr","meta": "try", "msg":"xxx","time":"2013-01-04T18:46:23.853Z","v":0}
{"name":"d","hostname":"cat3.local","pid":40161,"level":40,"lang":"fr","meta": "try", "msg":"xxx","time":"2013-01-04T18:46:23.853Z","v":0}
{"name":"d","hostname":"cat3.local","pid":40161,"level":40,"lang":"fr","meta": "try", "msg":"xxx","time":"2013-01-04T18:46:23.853Z","v":0}
{"name":"d","hostname":"cat3.local","pid":40161,"level":40,"lang":"fr","meta": "try", "msg":"xxx","time":"2013-01-04T18:46:23.853Z","v":0}
{"name":"d","hostname":"cat3.local","pid":40161,"level":40,"lang":"fr","meta": "try", "msg":"xxx","time":"2013-01-04T18:46:23.853Z","v":0}
{"name":"d","hostname":"cat3.local","pid":40161,"level":40,"lang":"fr","meta": "try", "msg":"xxx","time":"2013-01-04T18:46:23.853Z","v":0}
{"name":"d","hostname":"cat3.local","pid":40161,"level":40,"lang":"fr","meta": "try", "msg":"xxx","time":"2013-01-04T18:46:23.853Z","v":0}
{"name":"d","hostname":"cat3.local","pid":40161,"level":40,"lang":"fr","meta": "try", "msg":"xxx","time":"2013-01-04T18:46:23.853Z","v":0}
{"name":"d","hostname":"cat3.local","pid":40161,"level":40,"lang":"fr","meta": "try", "msg":"xxx","time":"2013-01-04T18:46:23.853Z","v":0}
{"name":"d","hostname":"cat3.local","pid":40161,"level":40,"lang":"fr","meta": "try", "msg":"xxx","time":"2013-01-04T18:46:23.853Z","v":0}
{"name":"d","hostname":"cat3.local","pid":40161,"level":40,"lang":"fr","meta": "try", "msg":"xxx","time":"2013-01-04T18:46:23.853Z","v":0}
{"name":"d","hostname":"cat3.local","pid":40161,"level":40,"lang":"fr","meta": "try", "msg":"xxx","time":"2013-01-04T18:46:23.853Z","v":0}
{"name":"d","hostname":"cat3.local","pid":40161,"level":40,"lang":"fr","meta": "try", "msg":"xxx","time":"2013-01-04T18:46:23.853Z","v":0}
{"name":"d","hostname":"cat3.local","pid":40161,"level":40,"lang":"fr","meta": "try", "msg":"xxx","time":"2013-01-04T18:46:23.853Z","v":0}
{"name":"d","hostname":"cat3.local","pid":40161,"level":40,"lang":"fr","meta": "try", "msg":"xxx","time":"2013-01-04T18:46:23.853Z","v":0}
{"name":"d","hostname":"cat3.local","pid":40161,"level":40,"lang":"fr","meta": "try", "msg":"xxx","time":"2013-01-04T18:46:23.853Z","v":0}
{"name":"d","hostname":"cat3.local","pid":40161,"level":40,"lang":"fr","meta": "try", "msg":"xxx","time":"2013-01-04T18:46:23.853Z","v":0}
{"name":"d","hostname":"cat3.local","pid":40161,"level":40,"lang":"fr","meta": "try", "msg":"xxx","time":"2013-01-04T18:46:23.853Z","v":0}
{"name":"d","hostname":"cat3.local","pid":40161,"level":40,"lang":"fr","meta": "try", "msg":"xxx","time":"2013-01-04T18:46:23.853Z","v":0}
{"name":"d","hostname":"cat3.local","pid":40161,"level":40,"lang":"fr","meta": "try", "msg":"xxx","time":"2013-01-04T18:46:23.853Z","v":0}
{"name":"e","hostname":"cat3.local","pid":40161,"level":40,"lang":"fr","meta": "try", "msg":"xxx","time":"2013-01-04T18:46:23.853Z","v":0}
{"name":"e","hostname":"cat3.local","pid":40161,"level":40,"lang":"fr","meta": "try", "msg":"xxx","time":"2013-01-04T18:46:23.853Z","v":0}
{"name":"e","hostname":"cat3.local","pid":40161,"level":40,"lang":"fr","meta": "try", "msg":"xxx","time":"2013-01-04T18:46:23.853Z","v":0}
{"name":"e","hostname":"cat3.local","pid":40161,"level":40,"lang":"fr","meta": "try", "msg":"xxx","time":"2013-01-04T18:46:23.853Z","v":0}
{"name":"e","hostname":"cat3.local","pid":40161,"level":40,"lang":"fr","meta": "try", "msg":"xxx","time":"2013-01-04T18:46:23.853Z","v":0}
{"name":"e","hostname":"cat3.local","pid":40161,"level":40,"lang":"fr","meta": "try", "msg":"xxx","time":"2013-01-04T18:46:23.853Z","v":0}
{"name":"e","hostname":"cat3.local","pid":40161,"level":40,"lang":"fr","meta": "try", "msg":"xxx","time":"2013-01-04T18:46:23.853Z","v":0}
{"name":"e","hostname":"cat3.local","pid":40161,"level":40,"lang":"fr","meta": "try", "msg":"xxx","time":"2013-01-04T18:46:23.853Z","v":0}
{"name":"e","hostname":"cat3.local","pid":40161,"level":40,"lang":"fr","meta": "try", "msg":"xxx","time":"2013-01-04T18:46:23.853Z","v":0}
{"name":"e","hostname":"cat3.local","pid":40161,"level":40,"lang":"fr","meta": "try", "msg":"xxx","time":"2013-01-04T18:46:23.853Z","v":0}
{"name":"e","hostname":"cat3.local","pid":40161,"level":40,"lang":"fr","meta": "try", "msg":"xxx","time":"2013-01-04T18:46:23.853Z","v":0}
{"name":"e","hostname":"cat3.local","pid":40161,"level":40,"lang":"fr","meta": "try", "msg":"xxx","time":"2013-01-04T18:46:23.853Z","v":0}
{"name":"e","hostname":"cat3.local","pid":40161,"level":40,"lang":"fr","meta": "try", "msg":"xxx","time":"2013-01-04T18:46:23.853Z","v":0}
{"name":"e","hostname":"cat3.local","pid":40161,"level":40,"lang":"fr","meta": "try", "msg":"xxx","time":"2013-01-04T18:46:23.853Z","v":0}
{"name":"e","hostname":"cat3.local","pid":40161,"level":40,"lang":"fr","meta": "try", "msg":"xxx","time":"2013-01-04T18:46:23.853Z","v":0}
{"name":"e","hostname":"cat3.local","pid":40161,"level":40,"lang":"fr","meta": "try", "msg":"xxx","time":"2013-01-04T18:46:23.853Z","v":0}
{"name":"e","hostname":"cat3.local","pid":40161,"level":40,"lang":"fr","meta": "try", "msg":"xxx","time":"2013-01-04T18:46:23.853Z","v":0}
{"name":"e","hostname":"cat3.local","pid":40161,"level":40,"lang":"fr","meta": "try", "msg":"xxx","time":"2013-01-04T18:46:23.853Z","v":0}
{"name":"e","hostname":"cat3.local","pid":40161,"level":40,"lang":"fr","meta": "try", "msg":"xxx","time":"2013-01-04T18:46:23.853Z","v":0}
{"name":"e","hostname":"cat3.local","pid":40161,"level":40,"lang":"fr","meta": "try", "msg":"xxx","time":"2013-01-04T18:46:23.853Z","v":0}
{"name":"e","hostname":"cat3.local","pid":40161,"level":40,"lang":"fr","meta": "try", "msg":"xxx","time":"2013-01-04T18:46:23.853Z","v":0}
{"name":"e","hostname":"cat3.local","pid":40161,"level":40,"lang":"fr","meta": "try", "msg":"xxx","time":"2013-01-04T18:46:23.853Z","v":0}
{"name":"e","hostname":"cat3.local","pid":40161,"level":40,"lang":"fr","meta": "try", "msg":"xxx","time":"2013-01-04T18:46:23.853Z","v":0}
{"name":"e","hostname":"cat3.local","pid":40161,"level":40,"lang":"fr","meta": "try", "msg":"xxx","time":"2013-01-04T18:46:23.853Z","v":0}
{"name":"e","hostname":"cat3.local","pid":40161,"level":40,"lang":"fr","meta": "try", "msg":"xxx","time":"2013-01-04T18:46:23.853Z","v":0}
{"name":"e","hostname":"cat3.local","pid":40161,"level":40,"lang":"fr","meta": "try", "msg":"xxx","time":"2013-01-04T18:46:23.853Z","v":0}
{"name":"e","hostname":"cat3.local","pid":40161,"level":40,"lang":"fr","meta": "try", "msg":"xxx","time":"2013-01-04T18:46:23.853Z","v":0}
{"name":"e","hostname":"cat3.local","pid":40161,"level":40,"lang":"fr","meta": "try", "msg":"xxx","time":"2013-01-04T18:46:23.853Z","v":0}
{"name":"e","hostname":"cat3.local","pid":40161,"level":40,"lang":"fr","meta": "try", "msg":"xxx","time":"2013-01-04T18:46:23.853Z","v":0}
{"name":"e","hostname":"cat3.local","pid":40161,"level":40,"lang":"fr","meta": "try", "msg":"xxx","time":"2013-01-04T18:46:23.853Z","v":0}
{"name":"e","hostname":"cat3.local","pid":40161,"level":40,"lang":"fr","meta": "try", "msg":"xxx","time":"2013-01-04T18:46:23.853Z","v":0}
{"name":"e","hostname":"cat3.local","pid":40161,"level":40,"lang":"fr","meta": "try", "msg":"xxx","time":"2013-01-04T18:46:23.853Z","v":0}
{"name":"e","hostname":"cat3.local","pid":40161,"level":40,"lang":"fr","meta": "try", "msg":"xxx","time":"2013-01-04T18:46:23.853Z","v":0}
{"name":"e","hostname":"cat3.local","pid":40161,"level":40,"lang":"fr","meta": "try", "msg":"xxx","time":"2013-01-04T18:46:23.853Z","v":0}
{"name":"e","hostname":"cat3.local","pid":40161,"level":40,"lang":"fr","meta": "try", "msg":"xxx","time":"2013-01-04T18:46:23.853Z","v":0}
{"name":"e","hostname":"cat3.local","pid":40161,"level":40,"lang":"fr","meta": "try", "msg":"xxx","time":"2013-01-04T18:46:23.853Z","v":0}
{"name":"e","hostname":"cat3.local","pid":40161,"level":40,"lang":"fr","meta": "try", "msg":"xxx","time":"2013-01-04T18:46:23.853Z","v":0}
{"name":"e","hostname":"cat3.local","pid":40161,"level":40,"lang":"fr","meta": "try", "msg":"xxx","time":"2013-01-04T18:46:23.853Z","v":0}
{"name":"e","hostname":"cat3.local","pid":40161,"level":40,"lang":"fr","meta": "try", "msg":"xxx","time":"2013-01-04T18:46:23.853Z","v":0}
{"name":"e","hostname":"cat3.local","pid":40161,"level":40,"lang":"fr","meta": "try", "msg":"xxx","time":"2013-01-04T18:46:23.853Z","v":0}
{"name":"e","hostname":"cat3.local","pid":40161,"level":40,"lang":"fr","meta": "try", "msg":"xxx","time":"2013-01-04T18:46:23.853Z","v":0}
{"name":"e","hostname":"cat3.local","pid":40161,"level":40,"lang":"fr","meta": "try", "msg":"xxx","time":"2013-01-04T18:46:23.853Z","v":0}
{"name":"e","hostname":"cat3.local","pid":40161,"level":40,"lang":"fr","meta": "try", "msg":"xxx","time":"2013-01-04T18:46:23.853Z","v":0}
{"name":"e","hostname":"cat3.local","pid":40161,"level":40,"lang":"fr","meta": "try", "msg":"xxx","time":"2013-01-04T18:46:23.853Z","v":0}
{"name":"e","hostname":"cat3.local","pid":40161,"level":40,"lang":"fr","meta": "try", "msg":"xxx","time":"2013-01-04T18:46:23.853Z","v":0}
{"name":"e","hostname":"cat3.local","pid":40161,"level":40,"lang":"fr","meta": "try", "msg":"xxx","time":"2013-01-04T18:46:23.853Z","v":0}
{"name":"e","hostname":"cat3.local","pid":40161,"level":40,"lang":"fr","meta": "try", "msg":"xxx","time":"2013-01-04T18:46:23.853Z","v":0}
{"name":"e","hostname":"cat3.local","pid":40161,"level":40,"lang":"fr","meta": "try", "msg":"xxx","time":"2013-01-04T18:46:23.853Z","v":0}
{"name":"e","hostname":"cat3.local","pid":40161,"level":40,"lang":"fr","meta": "try", "msg":"xxx","time":"2013-01-04T18:46:23.853Z","v":0}
{"name":"e","hostname":"cat3.local","pid":40161,"level":40,"lang":"fr","meta": "try", "msg":"xxx","time":"2013-01-04T18:46:23.853Z","v":0}
{"name":"f","hostname":"cat3.local","pid":40161,"level":40,"lang":"fr","meta": "try", "msg":"xxx","time":"2013-01-04T18:46:23.853Z","v":0}
{"name":"f","hostname":"cat3.local","pid":40161,"level":40,"lang":"fr","meta": "try", "msg":"xxx","time":"2013-01-04T18:46:23.853Z","v":0}
{"name":"f","hostname":"cat3.local","pid":40161,"level":40,"lang":"fr","meta": "try", "msg":"xxx","time":"2013-01-04T18:46:23.853Z","v":0}
{"name":"f","hostname":"cat3.local","pid":40161,"level":40,"lang":"fr","meta": "try", "msg":"xxx","time":"2013-01-04T18:46:23.853Z","v":0}
{"name":"f","hostname":"cat3.local","pid":40161,"level":40,"lang":"fr","meta": "try", "msg":"xxx","time":"2013-01-04T18:46:23.853Z","v":0}
{"name":"f","hostname":"cat3.local","pid":40161,"level":40,"lang":"fr","meta": "try", "msg":"xxx","time":"2013-01-04T18:46:23.853Z","v":0}
{"name":"f","hostname":"cat3.local","pid":40161,"level":40,"lang":"fr","meta": "try", "msg":"xxx","time":"2013-01-04T18:46:23.853Z","v":0}
{"name":"f","hostname":"cat3.local","pid":40161,"level":40,"lang":"fr","meta": "try", "msg":"xxx","time":"2013-01-04T18:46:23.853Z","v":0}
{"name":"f","hostname":"cat3.local","pid":40161,"level":40,"lang":"fr","meta": "try", "msg":"xxx","time":"2013-01-04T18:46:23.853Z","v":0}
{"name":"f","hostname":"cat3.local","pid":40161,"level":40,"lang":"fr","meta": "try", "msg":"xxx","time":"2013-01-04T18:46:23.853Z","v":0}
{"name":"f","hostname":"cat3.local","pid":40161,"level":40,"lang":"fr","meta": "try", "msg":"xxx","time":"2013-01-04T18:46:23.853Z","v":0}
{"name":"f","hostname":"cat3.local","pid":40161,"level":40,"lang":"fr","meta": "try", "msg":"xxx","time":"2013-01-04T18:46:23.853Z","v":0}
{"name":"f","hostname":"cat3.local","pid":40161,"level":40,"lang":"fr","meta": "try", "msg":"xxx","time":"2013-01-04T18:46:23.853Z","v":0}
{"name":"f","hostname":"cat3.local","pid":40161,"level":40,"lang":"fr","meta": "try", "msg":"xxx","time":"2013-01-04T18:46:23.853Z","v":0}
{"name":"f","hostname":"cat3.local","pid":40161,"level":40,"lang":"fr","meta": "try", "msg":"xxx","time":"2013-01-04T18:46:23.853Z","v":0}
{"name":"f","hostname":"cat3.local","pid":40161,"level":40,"lang":"fr","meta": "try", "msg":"xxx","time":"2013-01-04T18:46:23.853Z","v":0}
{"name":"f","hostname":"cat3.local","pid":40161,"level":40,"lang":"fr","meta": "try", "msg":"xxx","time":"2013-01-04T18:46:23.853Z","v":0}
{"name":"f","hostname":"cat3.local","pid":40161,"level":40,"lang":"fr","meta": "try", "msg":"xxx","time":"2013-01-04T18:46:23.853Z","v":0}
{"name":"f","hostname":"cat3.local","pid":40161,"level":40,"lang":"fr","meta": "try", "msg":"xxx","time":"2013-01-04T18:46:23.853Z","v":0}
{"name":"f","hostname":"cat3.local","pid":40161,"level":40,"lang":"fr","meta": "try", "msg":"xxx","time":"2013-01-04T18:46:23.853Z","v":0}
{"name":"f","hostname":"cat3.local","pid":40161,"level":40,"lang":"fr","meta": "try", "msg":"xxx","time":"2013-01-04T18:46:23.853Z","v":0}
{"name":"f","hostname":"cat3.local","pid":40161,"level":40,"lang":"fr","meta": "try", "msg":"xxx","time":"2013-01-04T18:46:23.853Z","v":0}
{"name":"f","hostname":"cat3.local","pid":40161,"level":40,"lang":"fr","meta": "try", "msg":"xxx","time":"2013-01-04T18:46:23.853Z","v":0}
{"name":"f","hostname":"cat3.local","pid":40161,"level":40,"lang":"fr","meta": "try", "msg":"xxx","time":"2013-01-04T18:46:23.853Z","v":0}
{"name":"f","hostname":"cat3.local","pid":40161,"level":40,"lang":"fr","meta": "try", "msg":"xxx","time":"2013-01-04T18:46:23.853Z","v":0}
{"name":"f","hostname":"cat3.local","pid":40161,"level":40,"lang":"fr","meta": "try", "msg":"xxx","time":"2013-01-04T18:46:23.853Z","v":0}
{"name":"f","hostname":"cat3.local","pid":40161,"level":40,"lang":"fr","meta": "try", "msg":"xxx","time":"2013-01-04T18:46:23.853Z","v":0}
{"name":"f","hostname":"cat3.local","pid":40161,"level":40,"lang":"fr","meta": "try", "msg":"xxx","time":"2013-01-04T18:46:23.853Z","v":0}
{"name":"f","hostname":"cat3.local","pid":40161,"level":40,"lang":"fr","meta": "try", "msg":"xxx","time":"2013-01-04T18:46:23.853Z","v":0}
{"name":"f","hostname":"cat3.local","pid":40161,"level":40,"lang":"fr","meta": "try", "msg":"xxx","time":"2013-01-04T18:46:23.853Z","v":0}
{"name":"f","hostname":"cat3.local","pid":40161,"level":40,"lang":"fr","meta": "try", "msg":"xxx","time":"2013-01-04T18:46:23.853Z","v":0}
{"name":"f","hostname":"cat3.local","pid":40161,"level":40,"lang":"fr","meta": "try", "msg":"xxx","time":"2013-01-04T18:46:23.853Z","v":0}
{"name":"f","hostname":"cat3.local","pid":40161,"level":40,"lang":"fr","meta": "try", "msg":"xxx","time":"2013-01-04T18:46:23.853Z","v":0}
{"name":"f","hostname":"cat3.local","pid":40161,"level":40,"lang":"fr","meta": "try", "msg":"xxx","time":"2013-01-04T18:46:23.853Z","v":0}
{"name":"f","hostname":"cat3.local","pid":40161,"level":40,"lang":"fr","meta": "try", "msg":"xxx","time":"2013-01-04T18:46:23.853Z","v":0}
{"name":"f","hostname":"cat3.local","pid":40161,"level":40,"lang":"fr","meta": "try", "msg":"xxx","time":"2013-01-04T18:46:23.853Z","v":0}
{"name":"f","hostname":"cat3.local","pid":40161,"level":40,"lang":"fr","meta": "try", "msg":"xxx","time":"2013-01-04T18:46:23.853Z","v":0}
{"name":"f","hostname":"cat3.local","pid":40161,"level":40,"lang":"fr","meta": "try", "msg":"xxx","time":"2013-01-04T18:46:23.853Z","v":0}
{"name":"f","hostname":"cat3.local","pid":40161,"level":40,"lang":"fr","meta": "try", "msg":"xxx","time":"2013-01-04T18:46:23.853Z","v":0}
{"name":"f","hostname":"cat3.local","pid":40161,"level":40,"lang":"fr","meta": "try", "msg":"xxx","time":"2013-01-04T18:46:23.853Z","v":0}
{"name":"f","hostname":"cat3.local","pid":40161,"level":40,"lang":"fr","meta": "try", "msg":"xxx","time":"2013-01-04T18:46:23.853Z","v":0}
{"name":"f","hostname":"cat3.local","pid":40161,"level":40,"lang":"fr","meta": "try", "msg":"xxx","time":"2013-01-04T18:46:23.853Z","v":0}
{"name":"f","hostname":"cat3.local","pid":40161,"level":40,"lang":"fr","meta": "try", "msg":"xxx","time":"2013-01-04T18:46:23.853Z","v":0}
{"name":"f","hostname":"cat3.local","pid":40161,"level":40,"lang":"fr","meta": "try", "msg":"xxx","time":"2013-01-04T18:46:23.853Z","v":0}
{"name":"f","hostname":"cat3.local","pid":40161,"level":40,"lang":"fr","meta": "try", "msg":"xxx","time":"2013-01-04T18:46:23.853Z","v":0}
{"name":"f","hostname":"cat3.local","pid":40161,"level":40,"lang":"fr","meta": "try", "msg":"xxx","time":"2013-01-04T18:46:23.853Z","v":0}
{"name":"f","hostname":"cat3.local","pid":40161,"level":40,"lang":"fr","meta": "try", "msg":"xxx","time":"2013-01-04T18:46:23.853Z","v":0}
{"name":"f","hostname":"cat3.local","pid":40161,"level":40,"lang":"fr","meta": "try", "msg":"xxx","time":"2013-01-04T18:46:23.853Z","v":0}
{"name":"f","hostname":"cat3.local","pid":40161,"level":40,"lang":"fr","meta": "try", "msg":"xxx","time":"2013-01-04T18:46:23.853Z","v":0}
{"name":"f","hostname":"cat3.local","pid":40161,"level":40,"lang":"fr","meta": "try", "msg":"xxx","time":"2013-01-04T18:46:23.853Z","v":0}
